/var/www/appPatrol-python/app/models/models.py:1581: SAWarning: Implicitly combining column presensi.created_at with column presensi_izinabsen_approve.created_at under attribute 'created_at'.  Please configure one or more attributes for these same-named columns explicitly.
  class PresensiIzinabsenApprove(Presensi):
/var/www/appPatrol-python/app/models/models.py:1581: SAWarning: Implicitly combining column presensi.updated_at with column presensi_izinabsen_approve.updated_at under attribute 'updated_at'.  Please configure one or more attributes for these same-named columns explicitly.
  class PresensiIzinabsenApprove(Presensi):
/var/www/appPatrol-python/app/models/models.py:1597: SAWarning: Implicitly combining column presensi.created_at with column presensi_izincuti_approve.created_at under attribute 'created_at'.  Please configure one or more attributes for these same-named columns explicitly.
  class PresensiIzincutiApprove(Presensi):
/var/www/appPatrol-python/app/models/models.py:1597: SAWarning: Implicitly combining column presensi.updated_at with column presensi_izincuti_approve.updated_at under attribute 'updated_at'.  Please configure one or more attributes for these same-named columns explicitly.
  class PresensiIzincutiApprove(Presensi):
/var/www/appPatrol-python/app/models/models.py:1613: SAWarning: Implicitly combining column presensi.created_at with column presensi_izinsakit_approve.created_at under attribute 'created_at'.  Please configure one or more attributes for these same-named columns explicitly.
  class PresensiIzinsakitApprove(Presensi):
/var/www/appPatrol-python/app/models/models.py:1613: SAWarning: Implicitly combining column presensi.updated_at with column presensi_izinsakit_approve.updated_at under attribute 'updated_at'.  Please configure one or more attributes for these same-named columns explicitly.
  class PresensiIzinsakitApprove(Presensi):
Traceback (most recent call last):
  File "/usr/bin/uvicorn", line 8, in <module>
    sys.exit(main())
             ^^^^^^
  File "/usr/lib/python3/dist-packages/click/core.py", line 1157, in __call__
    return self.main(*args, **kwargs)
           ^^^^^^^^^^^^^^^^^^^^^^^^^^
  File "/usr/lib/python3/dist-packages/click/core.py", line 1078, in main
    rv = self.invoke(ctx)
         ^^^^^^^^^^^^^^^^
  File "/usr/lib/python3/dist-packages/click/core.py", line 1434, in invoke
    return ctx.invoke(self.callback, **ctx.params)
           ^^^^^^^^^^^^^^^^^^^^^^^^^^^^^^^^^^^^^^^
  File "/usr/lib/python3/dist-packages/click/core.py", line 783, in invoke
    return __callback(*args, **kwargs)
           ^^^^^^^^^^^^^^^^^^^^^^^^^^^
  File "/usr/lib/python3/dist-packages/uvicorn/main.py", line 418, in main
    run(
  File "/usr/lib/python3/dist-packages/uvicorn/main.py", line 587, in run
    server.run()
  File "/usr/lib/python3/dist-packages/uvicorn/server.py", line 62, in run
    return asyncio.run(self.serve(sockets=sockets))
           ^^^^^^^^^^^^^^^^^^^^^^^^^^^^^^^^^^^^^^^^
  File "/usr/lib/python3.12/asyncio/runners.py", line 194, in run
    return runner.run(main)
           ^^^^^^^^^^^^^^^^
  File "/usr/lib/python3.12/asyncio/runners.py", line 118, in run
    return self._loop.run_until_complete(task)
           ^^^^^^^^^^^^^^^^^^^^^^^^^^^^^^^^^^^
  File "uvloop/loop.pyx", line 1516, in uvloop.loop.Loop.run_until_complete
  File "/usr/lib/python3/dist-packages/uvicorn/server.py", line 69, in serve
    config.load()
  File "/usr/lib/python3/dist-packages/uvicorn/config.py", line 458, in load
    self.loaded_app = import_from_string(self.app)
                      ^^^^^^^^^^^^^^^^^^^^^^^^^^^^
  File "/usr/lib/python3/dist-packages/uvicorn/importer.py", line 24, in import_from_string
    raise exc from None
  File "/usr/lib/python3/dist-packages/uvicorn/importer.py", line 21, in import_from_string
    module = importlib.import_module(module_str)
             ^^^^^^^^^^^^^^^^^^^^^^^^^^^^^^^^^^^
  File "/usr/lib/python3.12/importlib/__init__.py", line 90, in import_module
    return _bootstrap._gcd_import(name[level:], package, level)
           ^^^^^^^^^^^^^^^^^^^^^^^^^^^^^^^^^^^^^^^^^^^^^^^^^^^^
  File "<frozen importlib._bootstrap>", line 1387, in _gcd_import
  File "<frozen importlib._bootstrap>", line 1360, in _find_and_load
  File "<frozen importlib._bootstrap>", line 1331, in _find_and_load_unlocked
  File "<frozen importlib._bootstrap>", line 935, in _load_unlocked
  File "<frozen importlib._bootstrap_external>", line 995, in exec_module
  File "<frozen importlib._bootstrap>", line 488, in _call_with_frames_removed
  File "/var/www/appPatrol-python/app/main.py", line 6, in <module>
    from app.routers import auth, auth_legacy, beranda_legacy, absensi_legacy, patroli_legacy, emergency_legacy, izin_legacy, logistik_legacy, task_legacy, berita_legacy, tracking_legacy, ops_legacy, tamu_legacy, barang_legacy, dashboard, monitoring, master, berita, security, utilities, payroll, chat_management, walkie_channel, general_setting, jam_kerja_dept, hari_libur, lembur, izin_absen, izin_sakit, izin_cuti, izin_dinas, employee_tracking, role_permission, statistik_legacy, surat_legacy
  File "/var/www/appPatrol-python/app/routers/emergency_legacy.py", line 9, in <module>
    from app.sio import sio as sio_server
  File "/var/www/appPatrol-python/app/sio.py", line 1, in <module>
    import socketio
ModuleNotFoundError: No module named 'socketio'
